@!@!@STARTMSG 2262:0 @!@!@
TLC2 Version 2.13 of 18 July 2018
@!@!@ENDMSG 2262 @!@!@
@!@!@STARTMSG 2187:0 @!@!@
Running breadth-first search Model-Checking with seed -7724356055993215693 with 2 workers on 4 cores with 601MB heap and 1347MB offheap memory (Windows 10 10.0 amd64, Oracle Corporation 1.8.0_201 x86_64).
@!@!@ENDMSG 2187 @!@!@
@!@!@STARTMSG 2220:0 @!@!@
Starting SANY...
@!@!@ENDMSG 2220 @!@!@
Parsing file C:\Users\Naxxo\OneDrive\Programming workspace\TLA+\HourClock\HourClock.toolbox\Model_1\MC.tla
Parsing file C:\Users\Naxxo\OneDrive\Programming workspace\TLA+\HourClock\HourClock.toolbox\Model_1\HourClock.tla
Parsing file C:\Users\Naxxo\Downloads\TLAToolbox\toolbox\plugins\org.lamport.tlatools_1.0.0.201807180447\tla2sany\StandardModules\TLC.tla
Parsing file C:\Users\Naxxo\Downloads\TLAToolbox\toolbox\plugins\org.lamport.tlatools_1.0.0.201807180447\tla2sany\StandardModules\Naturals.tla
Parsing file C:\Users\Naxxo\Downloads\TLAToolbox\toolbox\plugins\org.lamport.tlatools_1.0.0.201807180447\tla2sany\StandardModules\Sequences.tla
Parsing file C:\Users\Naxxo\Downloads\TLAToolbox\toolbox\plugins\org.lamport.tlatools_1.0.0.201807180447\tla2sany\StandardModules\FiniteSets.tla
Semantic processing of module Naturals
Semantic processing of module HourClock
Semantic processing of module Sequences
Semantic processing of module FiniteSets
Semantic processing of module TLC
Semantic processing of module MC
@!@!@STARTMSG 2219:0 @!@!@
SANY finished.
@!@!@ENDMSG 2219 @!@!@
@!@!@STARTMSG 2185:0 @!@!@
Starting... (2019-05-28 16:45:27)
@!@!@ENDMSG 2185 @!@!@
@!@!@STARTMSG 2189:0 @!@!@
Computing initial states...
@!@!@ENDMSG 2189 @!@!@
@!@!@STARTMSG 2102:1 @!@!@
current state is not a legal state
While working on the initial state:
/\ hr = 1
/\ alarm = null
/\ alarmActive = null
/\ tmp = null

@!@!@ENDMSG 2102 @!@!@
@!@!@STARTMSG 2186:0 @!@!@
Finished in 1588ms at (2019-05-28 16:45:28)
@!@!@ENDMSG 2186 @!@!@
