@!@!@STARTMSG 2262:0 @!@!@
TLC2 Version 2.13 of 18 July 2018
@!@!@ENDMSG 2262 @!@!@
@!@!@STARTMSG 2187:0 @!@!@
Running breadth-first search Model-Checking with seed -8344876889310288850 with 2 workers on 4 cores with 601MB heap and 1347MB offheap memory (Windows 10 10.0 amd64, Oracle Corporation 1.8.0_201 x86_64).
@!@!@ENDMSG 2187 @!@!@
@!@!@STARTMSG 2220:0 @!@!@
Starting SANY...
@!@!@ENDMSG 2220 @!@!@
Parsing file C:\Users\Naxxo\OneDrive\Programming workspace\TLA+\pCalCounterSeq\pCalCounterSeq.toolbox\Model_1\MC.tla
Parsing file C:\Users\Naxxo\OneDrive\Programming workspace\TLA+\pCalCounterSeq\pCalCounterSeq.toolbox\Model_1\pCalCounterSeq.tla
Parsing file C:\Users\Naxxo\Downloads\TLAToolbox\toolbox\plugins\org.lamport.tlatools_1.0.0.201807180447\tla2sany\StandardModules\TLC.tla
Parsing file C:\Users\Naxxo\Downloads\TLAToolbox\toolbox\plugins\org.lamport.tlatools_1.0.0.201807180447\tla2sany\StandardModules\Integers.tla
Parsing file C:\Users\Naxxo\Downloads\TLAToolbox\toolbox\plugins\org.lamport.tlatools_1.0.0.201807180447\tla2sany\StandardModules\Naturals.tla
Parsing file C:\Users\Naxxo\Downloads\TLAToolbox\toolbox\plugins\org.lamport.tlatools_1.0.0.201807180447\tla2sany\StandardModules\Sequences.tla
Parsing file C:\Users\Naxxo\Downloads\TLAToolbox\toolbox\plugins\org.lamport.tlatools_1.0.0.201807180447\tla2sany\StandardModules\FiniteSets.tla
Semantic processing of module Naturals
Semantic processing of module Integers
Semantic processing of module Sequences
Semantic processing of module FiniteSets
Semantic processing of module TLC
Semantic processing of module pCalCounterSeq
Semantic processing of module MC
@!@!@STARTMSG 2219:0 @!@!@
SANY finished.
@!@!@ENDMSG 2219 @!@!@
@!@!@STARTMSG 2185:0 @!@!@
Starting... (2019-05-28 11:48:41)
@!@!@ENDMSG 2185 @!@!@
@!@!@STARTMSG 2212:0 @!@!@
Implied-temporal checking--satisfiability problem has 1 branches.
@!@!@ENDMSG 2212 @!@!@
@!@!@STARTMSG 2189:0 @!@!@
Computing initial states...
@!@!@ENDMSG 2189 @!@!@
@!@!@STARTMSG 2190:0 @!@!@
Finished computing initial states: 1 distinct state generated.
@!@!@ENDMSG 2190 @!@!@
@!@!@STARTMSG 2200:0 @!@!@
Progress(7) at 2019-05-28 11:48:43: 8 states generated, 7 distinct states found, 0 states left on queue.
@!@!@ENDMSG 2200 @!@!@
@!@!@STARTMSG 2192:0 @!@!@
Checking temporal properties for the complete state space with 7 total distinct states at (2019-05-28 11:48:43)
@!@!@ENDMSG 2192 @!@!@
@!@!@STARTMSG 2116:1 @!@!@
Temporal properties were violated.

@!@!@ENDMSG 2116 @!@!@
@!@!@STARTMSG 2264:1 @!@!@
The following behavior constitutes a counter-example:

@!@!@ENDMSG 2264 @!@!@
@!@!@STARTMSG 2217:4 @!@!@
1: <Initial predicate>
/\ x = 5
/\ pc = "counter"

@!@!@ENDMSG 2217 @!@!@
@!@!@STARTMSG 2217:4 @!@!@
2: <counter line 20, col 12 to line 25, col 31 of module pCalCounterSeq>
/\ x = 4
/\ pc = "counter"

@!@!@ENDMSG 2217 @!@!@
@!@!@STARTMSG 2217:4 @!@!@
3: <counter line 20, col 12 to line 25, col 31 of module pCalCounterSeq>
/\ x = 3
/\ pc = "counter"

@!@!@ENDMSG 2217 @!@!@
@!@!@STARTMSG 2217:4 @!@!@
4: <counter line 20, col 12 to line 25, col 31 of module pCalCounterSeq>
/\ x = 2
/\ pc = "counter"

@!@!@ENDMSG 2217 @!@!@
@!@!@STARTMSG 2217:4 @!@!@
5: <counter line 20, col 12 to line 25, col 31 of module pCalCounterSeq>
/\ x = 1
/\ pc = "counter"

@!@!@ENDMSG 2217 @!@!@
@!@!@STARTMSG 2217:4 @!@!@
6: <counter line 20, col 12 to line 25, col 31 of module pCalCounterSeq>
/\ x = 0
/\ pc = "counter"

@!@!@ENDMSG 2217 @!@!@
@!@!@STARTMSG 2218:4 @!@!@
7: Stuttering
@!@!@ENDMSG 2218 @!@!@
@!@!@STARTMSG 2267:0 @!@!@
Finished checking temporal properties in 00s at 2019-05-28 11:48:44
@!@!@ENDMSG 2267 @!@!@
@!@!@STARTMSG 2201:0 @!@!@
The coverage statistics at 2019-05-28 11:48:44
@!@!@ENDMSG 2201 @!@!@
@!@!@STARTMSG 2221:0 @!@!@
  line 14, col 12 to line 14, col 12 of module pCalCounterSeq: 1
@!@!@ENDMSG 2221 @!@!@
@!@!@STARTMSG 2221:0 @!@!@
  line 14, col 15 to line 14, col 16 of module pCalCounterSeq: 1
@!@!@ENDMSG 2221 @!@!@
@!@!@STARTMSG 2221:0 @!@!@
  line 22, col 26 to line 22, col 35 of module pCalCounterSeq: 5
@!@!@ENDMSG 2221 @!@!@
@!@!@STARTMSG 2221:0 @!@!@
  line 23, col 26 to line 23, col 40 of module pCalCounterSeq: 5
@!@!@ENDMSG 2221 @!@!@
@!@!@STARTMSG 2221:0 @!@!@
  line 24, col 26 to line 24, col 37 of module pCalCounterSeq: 1
@!@!@ENDMSG 2221 @!@!@
@!@!@STARTMSG 2221:0 @!@!@
  line 25, col 26 to line 25, col 31 of module pCalCounterSeq: 1
@!@!@ENDMSG 2221 @!@!@
@!@!@STARTMSG 2202:0 @!@!@
End of statistics.
@!@!@ENDMSG 2202 @!@!@
@!@!@STARTMSG 2200:0 @!@!@
Progress(7) at 2019-05-28 11:48:44: 8 states generated (328 s/min), 7 distinct states found (287 ds/min), 0 states left on queue.
@!@!@ENDMSG 2200 @!@!@
@!@!@STARTMSG 2199:0 @!@!@
8 states generated, 7 distinct states found, 0 states left on queue.
@!@!@ENDMSG 2199 @!@!@
@!@!@STARTMSG 2186:0 @!@!@
Finished in 2817ms at (2019-05-28 11:48:44)
@!@!@ENDMSG 2186 @!@!@
