@!@!@STARTMSG 2262:0 @!@!@
TLC2 Version 2.13 of 18 July 2018
@!@!@ENDMSG 2262 @!@!@
@!@!@STARTMSG 2188:0 @!@!@
Running Random Simulation with seed 7733997128057335995 with 2 workers on 4 cores with 601MB heap and 1347MB offheap memory (Windows 10 10.0 amd64, Oracle Corporation 1.8.0_201 x86_64).
@!@!@ENDMSG 2188 @!@!@
@!@!@STARTMSG 2220:0 @!@!@
Starting SANY...
@!@!@ENDMSG 2220 @!@!@
Parsing file C:\Users\Naxxo\OneDrive\Programming workspace\TLA+\Sum\Sum.toolbox\Model_1\MC.tla
Parsing file C:\Users\Naxxo\OneDrive\Programming workspace\TLA+\Sum\Sum.toolbox\Model_1\Sum.tla
Parsing file C:\Users\Naxxo\Downloads\TLAToolbox\toolbox\plugins\org.lamport.tlatools_1.0.0.201807180447\tla2sany\StandardModules\TLC.tla
Parsing file C:\Users\Naxxo\Downloads\TLAToolbox\toolbox\plugins\org.lamport.tlatools_1.0.0.201807180447\tla2sany\StandardModules\Reals.tla
Parsing file C:\Users\Naxxo\Downloads\TLAToolbox\toolbox\plugins\org.lamport.tlatools_1.0.0.201807180447\tla2sany\StandardModules\Integers.tla
Parsing file C:\Users\Naxxo\Downloads\TLAToolbox\toolbox\plugins\org.lamport.tlatools_1.0.0.201807180447\tla2sany\StandardModules\Naturals.tla
Parsing file C:\Users\Naxxo\Downloads\TLAToolbox\toolbox\plugins\org.lamport.tlatools_1.0.0.201807180447\tla2sany\StandardModules\Sequences.tla
Parsing file C:\Users\Naxxo\Downloads\TLAToolbox\toolbox\plugins\org.lamport.tlatools_1.0.0.201807180447\tla2sany\StandardModules\FiniteSets.tla
Semantic processing of module Naturals
Semantic processing of module Sequences
Semantic processing of module FiniteSets
Semantic processing of module TLC
Semantic processing of module Integers
Semantic processing of module Reals
Semantic processing of module Sum
Semantic processing of module MC
@!@!@STARTMSG 2219:0 @!@!@
SANY finished.
@!@!@ENDMSG 2219 @!@!@
@!@!@STARTMSG 2185:0 @!@!@
Starting... (2019-04-09 11:19:52)
@!@!@ENDMSG 2185 @!@!@
@!@!@STARTMSG 1000:1 @!@!@
TLC threw an unexpected exception.
This was probably caused by an error in the spec or model.
See the User Output or TLC Console for clues to what happened.
The exception was a java.lang.RuntimeException
: @!@!@STARTMSG 2154:0 @!@!@
Attempted to apply the operator overridden by the Java method
public static tlc2.value.BoolValue tlc2.module.Integers.LT(tlc2.value.Value,tlc2.value.Value),
but it produced the following error:
@!@!@STARTMSG 2266:0 @!@!@
The second argument of < should be an integer, but instead it is:
N
@!@!@ENDMSG 2266 @!@!@
@!@!@ENDMSG 2154 @!@!@
@!@!@ENDMSG 1000 @!@!@
@!@!@STARTMSG 2121:1 @!@!@
The behavior up to this point is:
@!@!@ENDMSG 2121 @!@!@
@!@!@STARTMSG 2216:4 @!@!@
1:
/\ counter = 1
/\ sum = 0

@!@!@ENDMSG 2216 @!@!@
@!@!@STARTMSG 2216:4 @!@!@
2:
/\ counter = 1
/\ sum = 0

@!@!@ENDMSG 2216 @!@!@
@!@!@STARTMSG 2201:0 @!@!@
The coverage statistics at 2019-04-09 11:19:52
@!@!@ENDMSG 2201 @!@!@
@!@!@STARTMSG 2221:0 @!@!@
  line 20, col 12 to line 20, col 33 of module Sum: 0
@!@!@ENDMSG 2221 @!@!@
@!@!@STARTMSG 2221:0 @!@!@
  line 21, col 12 to line 21, col 31 of module Sum: 0
@!@!@ENDMSG 2221 @!@!@
@!@!@STARTMSG 2202:0 @!@!@
End of statistics.
@!@!@ENDMSG 2202 @!@!@
@!@!@STARTMSG 2209:0 @!@!@
Progress(-1) at 2019-04-09 11:19:52: 1 states generated, -1 distinct states found, -1 states left on queue.
@!@!@ENDMSG 2209 @!@!@
@!@!@STARTMSG 2210:0 @!@!@
The number of states generated: 1
Simulation using seed 7733997128057335995 and aril 0
@!@!@ENDMSG 2210 @!@!@
@!@!@STARTMSG 2186:0 @!@!@
Finished in 693ms at (2019-04-09 11:19:52)
@!@!@ENDMSG 2186 @!@!@
@!@!@STARTMSG 2209:0 @!@!@
Progress(-1) at 2019-04-09 11:19:52: 1 states generated, -1 distinct states found, -1 states left on queue.
@!@!@ENDMSG 2209 @!@!@
