@!@!@STARTMSG 2262:0 @!@!@
TLC2 Version 2.13 of 18 July 2018
@!@!@ENDMSG 2262 @!@!@
@!@!@STARTMSG 2187:0 @!@!@
Running breadth-first search Model-Checking with seed -7845737181566451644 with 2 workers on 4 cores with 601MB heap and 1347MB offheap memory (Windows 10 10.0 amd64, Oracle Corporation 1.8.0_201 x86_64).
@!@!@ENDMSG 2187 @!@!@
@!@!@STARTMSG 2220:0 @!@!@
Starting SANY...
@!@!@ENDMSG 2220 @!@!@
Parsing file C:\Users\Naxxo\OneDrive\Programming workspace\TLA+\DekkerAlgo\DekkerAlgo.toolbox\Model_1\MC.tla
Parsing file C:\Users\Naxxo\OneDrive\Programming workspace\TLA+\DekkerAlgo\DekkerAlgo.toolbox\Model_1\DekkerAlgo.tla
Parsing file C:\Users\Naxxo\Downloads\TLAToolbox\toolbox\plugins\org.lamport.tlatools_1.0.0.201807180447\tla2sany\StandardModules\TLC.tla
Parsing file C:\Users\Naxxo\Downloads\TLAToolbox\toolbox\plugins\org.lamport.tlatools_1.0.0.201807180447\tla2sany\StandardModules\Integers.tla
Parsing file C:\Users\Naxxo\Downloads\TLAToolbox\toolbox\plugins\org.lamport.tlatools_1.0.0.201807180447\tla2sany\StandardModules\Naturals.tla
Parsing file C:\Users\Naxxo\Downloads\TLAToolbox\toolbox\plugins\org.lamport.tlatools_1.0.0.201807180447\tla2sany\StandardModules\Sequences.tla
Parsing file C:\Users\Naxxo\Downloads\TLAToolbox\toolbox\plugins\org.lamport.tlatools_1.0.0.201807180447\tla2sany\StandardModules\FiniteSets.tla
Semantic processing of module Naturals
Semantic processing of module Sequences
Semantic processing of module FiniteSets
Semantic processing of module TLC
Semantic processing of module Integers
Semantic processing of module DekkerAlgo
Semantic processing of module MC
@!@!@STARTMSG 2219:0 @!@!@
SANY finished.
@!@!@ENDMSG 2219 @!@!@
@!@!@STARTMSG 2185:0 @!@!@
Starting... (2019-05-02 11:22:41)
@!@!@ENDMSG 2185 @!@!@
@!@!@STARTMSG 2189:0 @!@!@
Computing initial states...
@!@!@ENDMSG 2189 @!@!@
@!@!@STARTMSG 2190:0 @!@!@
Finished computing initial states: 1 distinct state generated.
@!@!@ENDMSG 2190 @!@!@
@!@!@STARTMSG 2193:0 @!@!@
Model checking completed. No error has been found.
  Estimates of the probability that TLC did not check all reachable states
  because two distinct states had the same fingerprint:
  calculated (optimistic):  val = 6.5E-15
  based on the actual fingerprints:  val = 2.0E-15
@!@!@ENDMSG 2193 @!@!@
@!@!@STARTMSG 2201:0 @!@!@
The coverage statistics at 2019-05-02 11:22:48
@!@!@ENDMSG 2201 @!@!@
@!@!@STARTMSG 2221:0 @!@!@
  line 101, col 27 to line 101, col 58 of module DekkerAlgo: 0
@!@!@ENDMSG 2221 @!@!@
@!@!@STARTMSG 2221:0 @!@!@
  line 102, col 27 to line 102, col 59 of module DekkerAlgo: 0
@!@!@ENDMSG 2221 @!@!@
@!@!@STARTMSG 2221:0 @!@!@
  line 103, col 29 to line 103, col 29 of module DekkerAlgo: 0
@!@!@ENDMSG 2221 @!@!@
@!@!@STARTMSG 2221:0 @!@!@
  line 103, col 32 to line 103, col 32 of module DekkerAlgo: 0
@!@!@ENDMSG 2221 @!@!@
@!@!@STARTMSG 2221:0 @!@!@
  line 103, col 35 to line 103, col 38 of module DekkerAlgo: 0
@!@!@ENDMSG 2221 @!@!@
@!@!@STARTMSG 2221:0 @!@!@
  line 103, col 41 to line 103, col 48 of module DekkerAlgo: 0
@!@!@ENDMSG 2221 @!@!@
@!@!@STARTMSG 2221:0 @!@!@
  line 103, col 51 to line 103, col 51 of module DekkerAlgo: 0
@!@!@ENDMSG 2221 @!@!@
@!@!@STARTMSG 2221:0 @!@!@
  line 106, col 16 to line 106, col 52 of module DekkerAlgo: 0
@!@!@ENDMSG 2221 @!@!@
@!@!@STARTMSG 2221:0 @!@!@
  line 107, col 16 to line 107, col 48 of module DekkerAlgo: 0
@!@!@ENDMSG 2221 @!@!@
@!@!@STARTMSG 2221:0 @!@!@
  line 108, col 29 to line 108, col 29 of module DekkerAlgo: 0
@!@!@ENDMSG 2221 @!@!@
@!@!@STARTMSG 2221:0 @!@!@
  line 108, col 32 to line 108, col 32 of module DekkerAlgo: 0
@!@!@ENDMSG 2221 @!@!@
@!@!@STARTMSG 2221:0 @!@!@
  line 108, col 35 to line 108, col 38 of module DekkerAlgo: 0
@!@!@ENDMSG 2221 @!@!@
@!@!@STARTMSG 2221:0 @!@!@
  line 108, col 41 to line 108, col 48 of module DekkerAlgo: 0
@!@!@ENDMSG 2221 @!@!@
@!@!@STARTMSG 2221:0 @!@!@
  line 112, col 28 to line 112, col 60 of module DekkerAlgo: 0
@!@!@ENDMSG 2221 @!@!@
@!@!@STARTMSG 2221:0 @!@!@
  line 113, col 28 to line 113, col 59 of module DekkerAlgo: 0
@!@!@ENDMSG 2221 @!@!@
@!@!@STARTMSG 2221:0 @!@!@
  line 114, col 30 to line 114, col 30 of module DekkerAlgo: 0
@!@!@ENDMSG 2221 @!@!@
@!@!@STARTMSG 2221:0 @!@!@
  line 114, col 33 to line 114, col 33 of module DekkerAlgo: 0
@!@!@ENDMSG 2221 @!@!@
@!@!@STARTMSG 2221:0 @!@!@
  line 114, col 36 to line 114, col 39 of module DekkerAlgo: 0
@!@!@ENDMSG 2221 @!@!@
@!@!@STARTMSG 2221:0 @!@!@
  line 114, col 42 to line 114, col 49 of module DekkerAlgo: 0
@!@!@ENDMSG 2221 @!@!@
@!@!@STARTMSG 2221:0 @!@!@
  line 114, col 52 to line 114, col 52 of module DekkerAlgo: 0
@!@!@ENDMSG 2221 @!@!@
@!@!@STARTMSG 2221:0 @!@!@
  line 117, col 17 to line 117, col 48 of module DekkerAlgo: 0
@!@!@ENDMSG 2221 @!@!@
@!@!@STARTMSG 2221:0 @!@!@
  line 118, col 30 to line 118, col 30 of module DekkerAlgo: 0
@!@!@ENDMSG 2221 @!@!@
@!@!@STARTMSG 2221:0 @!@!@
  line 118, col 33 to line 118, col 33 of module DekkerAlgo: 0
@!@!@ENDMSG 2221 @!@!@
@!@!@STARTMSG 2221:0 @!@!@
  line 118, col 36 to line 118, col 39 of module DekkerAlgo: 0
@!@!@ENDMSG 2221 @!@!@
@!@!@STARTMSG 2221:0 @!@!@
  line 118, col 42 to line 118, col 49 of module DekkerAlgo: 0
@!@!@ENDMSG 2221 @!@!@
@!@!@STARTMSG 2221:0 @!@!@
  line 118, col 52 to line 118, col 52 of module DekkerAlgo: 0
@!@!@ENDMSG 2221 @!@!@
@!@!@STARTMSG 2221:0 @!@!@
  line 121, col 17 to line 121, col 40 of module DekkerAlgo: 0
@!@!@ENDMSG 2221 @!@!@
@!@!@STARTMSG 2221:0 @!@!@
  line 122, col 17 to line 122, col 49 of module DekkerAlgo: 0
@!@!@ENDMSG 2221 @!@!@
@!@!@STARTMSG 2221:0 @!@!@
  line 123, col 30 to line 123, col 30 of module DekkerAlgo: 0
@!@!@ENDMSG 2221 @!@!@
@!@!@STARTMSG 2221:0 @!@!@
  line 123, col 33 to line 123, col 33 of module DekkerAlgo: 0
@!@!@ENDMSG 2221 @!@!@
@!@!@STARTMSG 2221:0 @!@!@
  line 123, col 36 to line 123, col 39 of module DekkerAlgo: 0
@!@!@ENDMSG 2221 @!@!@
@!@!@STARTMSG 2221:0 @!@!@
  line 123, col 42 to line 123, col 42 of module DekkerAlgo: 0
@!@!@ENDMSG 2221 @!@!@
@!@!@STARTMSG 2221:0 @!@!@
  line 126, col 17 to line 126, col 40 of module DekkerAlgo: 0
@!@!@ENDMSG 2221 @!@!@
@!@!@STARTMSG 2221:0 @!@!@
  line 127, col 17 to line 127, col 49 of module DekkerAlgo: 0
@!@!@ENDMSG 2221 @!@!@
@!@!@STARTMSG 2221:0 @!@!@
  line 128, col 30 to line 128, col 30 of module DekkerAlgo: 0
@!@!@ENDMSG 2221 @!@!@
@!@!@STARTMSG 2221:0 @!@!@
  line 128, col 33 to line 128, col 33 of module DekkerAlgo: 0
@!@!@ENDMSG 2221 @!@!@
@!@!@STARTMSG 2221:0 @!@!@
  line 128, col 36 to line 128, col 39 of module DekkerAlgo: 0
@!@!@ENDMSG 2221 @!@!@
@!@!@STARTMSG 2221:0 @!@!@
  line 128, col 42 to line 128, col 42 of module DekkerAlgo: 0
@!@!@ENDMSG 2221 @!@!@
@!@!@STARTMSG 2221:0 @!@!@
  line 131, col 17 to line 131, col 25 of module DekkerAlgo: 0
@!@!@ENDMSG 2221 @!@!@
@!@!@STARTMSG 2221:0 @!@!@
  line 132, col 17 to line 132, col 49 of module DekkerAlgo: 0
@!@!@ENDMSG 2221 @!@!@
@!@!@STARTMSG 2221:0 @!@!@
  line 133, col 30 to line 133, col 30 of module DekkerAlgo: 0
@!@!@ENDMSG 2221 @!@!@
@!@!@STARTMSG 2221:0 @!@!@
  line 133, col 33 to line 133, col 33 of module DekkerAlgo: 0
@!@!@ENDMSG 2221 @!@!@
@!@!@STARTMSG 2221:0 @!@!@
  line 133, col 36 to line 133, col 43 of module DekkerAlgo: 0
@!@!@ENDMSG 2221 @!@!@
@!@!@STARTMSG 2221:0 @!@!@
  line 133, col 46 to line 133, col 46 of module DekkerAlgo: 0
@!@!@ENDMSG 2221 @!@!@
@!@!@STARTMSG 2221:0 @!@!@
  line 136, col 17 to line 136, col 43 of module DekkerAlgo: 0
@!@!@ENDMSG 2221 @!@!@
@!@!@STARTMSG 2221:0 @!@!@
  line 137, col 17 to line 137, col 49 of module DekkerAlgo: 0
@!@!@ENDMSG 2221 @!@!@
@!@!@STARTMSG 2221:0 @!@!@
  line 138, col 30 to line 138, col 30 of module DekkerAlgo: 0
@!@!@ENDMSG 2221 @!@!@
@!@!@STARTMSG 2221:0 @!@!@
  line 138, col 33 to line 138, col 36 of module DekkerAlgo: 0
@!@!@ENDMSG 2221 @!@!@
@!@!@STARTMSG 2221:0 @!@!@
  line 138, col 39 to line 138, col 46 of module DekkerAlgo: 0
@!@!@ENDMSG 2221 @!@!@
@!@!@STARTMSG 2221:0 @!@!@
  line 138, col 49 to line 138, col 49 of module DekkerAlgo: 0
@!@!@ENDMSG 2221 @!@!@
@!@!@STARTMSG 2221:0 @!@!@
  line 141, col 17 to line 141, col 43 of module DekkerAlgo: 0
@!@!@ENDMSG 2221 @!@!@
@!@!@STARTMSG 2221:0 @!@!@
  line 142, col 17 to line 142, col 49 of module DekkerAlgo: 0
@!@!@ENDMSG 2221 @!@!@
@!@!@STARTMSG 2221:0 @!@!@
  line 143, col 30 to line 143, col 30 of module DekkerAlgo: 0
@!@!@ENDMSG 2221 @!@!@
@!@!@STARTMSG 2221:0 @!@!@
  line 143, col 33 to line 143, col 36 of module DekkerAlgo: 0
@!@!@ENDMSG 2221 @!@!@
@!@!@STARTMSG 2221:0 @!@!@
  line 143, col 39 to line 143, col 46 of module DekkerAlgo: 0
@!@!@ENDMSG 2221 @!@!@
@!@!@STARTMSG 2221:0 @!@!@
  line 143, col 49 to line 143, col 49 of module DekkerAlgo: 0
@!@!@ENDMSG 2221 @!@!@
@!@!@STARTMSG 2221:0 @!@!@
  line 146, col 17 to line 146, col 48 of module DekkerAlgo: 0
@!@!@ENDMSG 2221 @!@!@
@!@!@STARTMSG 2221:0 @!@!@
  line 147, col 30 to line 147, col 30 of module DekkerAlgo: 0
@!@!@ENDMSG 2221 @!@!@
@!@!@STARTMSG 2221:0 @!@!@
  line 147, col 33 to line 147, col 33 of module DekkerAlgo: 0
@!@!@ENDMSG 2221 @!@!@
@!@!@STARTMSG 2221:0 @!@!@
  line 147, col 36 to line 147, col 39 of module DekkerAlgo: 0
@!@!@ENDMSG 2221 @!@!@
@!@!@STARTMSG 2221:0 @!@!@
  line 147, col 42 to line 147, col 49 of module DekkerAlgo: 0
@!@!@ENDMSG 2221 @!@!@
@!@!@STARTMSG 2221:0 @!@!@
  line 147, col 52 to line 147, col 52 of module DekkerAlgo: 0
@!@!@ENDMSG 2221 @!@!@
@!@!@STARTMSG 2221:0 @!@!@
  line 45, col 12 to line 45, col 12 of module DekkerAlgo: 0
@!@!@ENDMSG 2221 @!@!@
@!@!@STARTMSG 2221:0 @!@!@
  line 45, col 15 to line 45, col 15 of module DekkerAlgo: 0
@!@!@ENDMSG 2221 @!@!@
@!@!@STARTMSG 2221:0 @!@!@
  line 45, col 18 to line 45, col 21 of module DekkerAlgo: 0
@!@!@ENDMSG 2221 @!@!@
@!@!@STARTMSG 2221:0 @!@!@
  line 45, col 24 to line 45, col 31 of module DekkerAlgo: 0
@!@!@ENDMSG 2221 @!@!@
@!@!@STARTMSG 2221:0 @!@!@
  line 45, col 34 to line 45, col 35 of module DekkerAlgo: 0
@!@!@ENDMSG 2221 @!@!@
@!@!@STARTMSG 2221:0 @!@!@
  line 45, col 38 to line 45, col 38 of module DekkerAlgo: 0
@!@!@ENDMSG 2221 @!@!@
@!@!@STARTMSG 2221:0 @!@!@
  line 59, col 16 to line 59, col 42 of module DekkerAlgo: 119
@!@!@ENDMSG 2221 @!@!@
@!@!@STARTMSG 2221:0 @!@!@
  line 60, col 16 to line 60, col 47 of module DekkerAlgo: 119
@!@!@ENDMSG 2221 @!@!@
@!@!@STARTMSG 2221:0 @!@!@
  line 61, col 29 to line 61, col 29 of module DekkerAlgo: 119
@!@!@ENDMSG 2221 @!@!@
@!@!@STARTMSG 2221:0 @!@!@
  line 61, col 32 to line 61, col 35 of module DekkerAlgo: 119
@!@!@ENDMSG 2221 @!@!@
@!@!@STARTMSG 2221:0 @!@!@
  line 61, col 38 to line 61, col 45 of module DekkerAlgo: 119
@!@!@ENDMSG 2221 @!@!@
@!@!@STARTMSG 2221:0 @!@!@
  line 61, col 48 to line 61, col 48 of module DekkerAlgo: 119
@!@!@ENDMSG 2221 @!@!@
@!@!@STARTMSG 2221:0 @!@!@
  line 65, col 27 to line 65, col 58 of module DekkerAlgo: 189
@!@!@ENDMSG 2221 @!@!@
@!@!@STARTMSG 2221:0 @!@!@
  line 66, col 27 to line 66, col 58 of module DekkerAlgo: 0
@!@!@ENDMSG 2221 @!@!@
@!@!@STARTMSG 2221:0 @!@!@
  line 67, col 29 to line 67, col 29 of module DekkerAlgo: 189
@!@!@ENDMSG 2221 @!@!@
@!@!@STARTMSG 2221:0 @!@!@
  line 67, col 32 to line 67, col 32 of module DekkerAlgo: 189
@!@!@ENDMSG 2221 @!@!@
@!@!@STARTMSG 2221:0 @!@!@
  line 67, col 35 to line 67, col 38 of module DekkerAlgo: 189
@!@!@ENDMSG 2221 @!@!@
@!@!@STARTMSG 2221:0 @!@!@
  line 67, col 41 to line 67, col 48 of module DekkerAlgo: 189
@!@!@ENDMSG 2221 @!@!@
@!@!@STARTMSG 2221:0 @!@!@
  line 67, col 51 to line 67, col 51 of module DekkerAlgo: 189
@!@!@ENDMSG 2221 @!@!@
@!@!@STARTMSG 2221:0 @!@!@
  line 70, col 16 to line 70, col 42 of module DekkerAlgo: 189
@!@!@ENDMSG 2221 @!@!@
@!@!@STARTMSG 2221:0 @!@!@
  line 71, col 16 to line 71, col 47 of module DekkerAlgo: 189
@!@!@ENDMSG 2221 @!@!@
@!@!@STARTMSG 2221:0 @!@!@
  line 72, col 29 to line 72, col 29 of module DekkerAlgo: 189
@!@!@ENDMSG 2221 @!@!@
@!@!@STARTMSG 2221:0 @!@!@
  line 72, col 32 to line 72, col 35 of module DekkerAlgo: 189
@!@!@ENDMSG 2221 @!@!@
@!@!@STARTMSG 2221:0 @!@!@
  line 72, col 38 to line 72, col 45 of module DekkerAlgo: 189
@!@!@ENDMSG 2221 @!@!@
@!@!@STARTMSG 2221:0 @!@!@
  line 72, col 48 to line 72, col 48 of module DekkerAlgo: 189
@!@!@ENDMSG 2221 @!@!@
@!@!@STARTMSG 2221:0 @!@!@
  line 76, col 27 to line 76, col 58 of module DekkerAlgo: 0
@!@!@ENDMSG 2221 @!@!@
@!@!@STARTMSG 2221:0 @!@!@
  line 77, col 27 to line 77, col 58 of module DekkerAlgo: 119
@!@!@ENDMSG 2221 @!@!@
@!@!@STARTMSG 2221:0 @!@!@
  line 78, col 29 to line 78, col 29 of module DekkerAlgo: 119
@!@!@ENDMSG 2221 @!@!@
@!@!@STARTMSG 2221:0 @!@!@
  line 78, col 32 to line 78, col 32 of module DekkerAlgo: 119
@!@!@ENDMSG 2221 @!@!@
@!@!@STARTMSG 2221:0 @!@!@
  line 78, col 35 to line 78, col 38 of module DekkerAlgo: 119
@!@!@ENDMSG 2221 @!@!@
@!@!@STARTMSG 2221:0 @!@!@
  line 78, col 41 to line 78, col 48 of module DekkerAlgo: 119
@!@!@ENDMSG 2221 @!@!@
@!@!@STARTMSG 2221:0 @!@!@
  line 78, col 51 to line 78, col 51 of module DekkerAlgo: 119
@!@!@ENDMSG 2221 @!@!@
@!@!@STARTMSG 2221:0 @!@!@
  line 81, col 16 to line 81, col 27 of module DekkerAlgo: 0
@!@!@ENDMSG 2221 @!@!@
@!@!@STARTMSG 2221:0 @!@!@
  line 82, col 16 to line 82, col 47 of module DekkerAlgo: 0
@!@!@ENDMSG 2221 @!@!@
@!@!@STARTMSG 2221:0 @!@!@
  line 83, col 29 to line 83, col 29 of module DekkerAlgo: 0
@!@!@ENDMSG 2221 @!@!@
@!@!@STARTMSG 2221:0 @!@!@
  line 83, col 32 to line 83, col 32 of module DekkerAlgo: 0
@!@!@ENDMSG 2221 @!@!@
@!@!@STARTMSG 2221:0 @!@!@
  line 83, col 35 to line 83, col 42 of module DekkerAlgo: 0
@!@!@ENDMSG 2221 @!@!@
@!@!@STARTMSG 2221:0 @!@!@
  line 83, col 45 to line 83, col 45 of module DekkerAlgo: 0
@!@!@ENDMSG 2221 @!@!@
@!@!@STARTMSG 2221:0 @!@!@
  line 86, col 16 to line 86, col 47 of module DekkerAlgo: 119
@!@!@ENDMSG 2221 @!@!@
@!@!@STARTMSG 2221:0 @!@!@
  line 87, col 29 to line 87, col 29 of module DekkerAlgo: 119
@!@!@ENDMSG 2221 @!@!@
@!@!@STARTMSG 2221:0 @!@!@
  line 87, col 32 to line 87, col 32 of module DekkerAlgo: 119
@!@!@ENDMSG 2221 @!@!@
@!@!@STARTMSG 2221:0 @!@!@
  line 87, col 35 to line 87, col 38 of module DekkerAlgo: 119
@!@!@ENDMSG 2221 @!@!@
@!@!@STARTMSG 2221:0 @!@!@
  line 87, col 41 to line 87, col 48 of module DekkerAlgo: 119
@!@!@ENDMSG 2221 @!@!@
@!@!@STARTMSG 2221:0 @!@!@
  line 87, col 51 to line 87, col 51 of module DekkerAlgo: 119
@!@!@ENDMSG 2221 @!@!@
@!@!@STARTMSG 2221:0 @!@!@
  line 90, col 16 to line 90, col 42 of module DekkerAlgo: 0
@!@!@ENDMSG 2221 @!@!@
@!@!@STARTMSG 2221:0 @!@!@
  line 91, col 16 to line 91, col 47 of module DekkerAlgo: 0
@!@!@ENDMSG 2221 @!@!@
@!@!@STARTMSG 2221:0 @!@!@
  line 92, col 29 to line 92, col 29 of module DekkerAlgo: 0
@!@!@ENDMSG 2221 @!@!@
@!@!@STARTMSG 2221:0 @!@!@
  line 92, col 32 to line 92, col 35 of module DekkerAlgo: 0
@!@!@ENDMSG 2221 @!@!@
@!@!@STARTMSG 2221:0 @!@!@
  line 92, col 38 to line 92, col 45 of module DekkerAlgo: 0
@!@!@ENDMSG 2221 @!@!@
@!@!@STARTMSG 2221:0 @!@!@
  line 92, col 48 to line 92, col 48 of module DekkerAlgo: 0
@!@!@ENDMSG 2221 @!@!@
@!@!@STARTMSG 2221:0 @!@!@
  line 95, col 16 to line 95, col 42 of module DekkerAlgo: 0
@!@!@ENDMSG 2221 @!@!@
@!@!@STARTMSG 2221:0 @!@!@
  line 96, col 16 to line 96, col 47 of module DekkerAlgo: 0
@!@!@ENDMSG 2221 @!@!@
@!@!@STARTMSG 2221:0 @!@!@
  line 97, col 29 to line 97, col 29 of module DekkerAlgo: 0
@!@!@ENDMSG 2221 @!@!@
@!@!@STARTMSG 2221:0 @!@!@
  line 97, col 32 to line 97, col 32 of module DekkerAlgo: 0
@!@!@ENDMSG 2221 @!@!@
@!@!@STARTMSG 2221:0 @!@!@
  line 97, col 35 to line 97, col 38 of module DekkerAlgo: 0
@!@!@ENDMSG 2221 @!@!@
@!@!@STARTMSG 2221:0 @!@!@
  line 97, col 41 to line 97, col 48 of module DekkerAlgo: 0
@!@!@ENDMSG 2221 @!@!@
@!@!@STARTMSG 2202:0 @!@!@
End of statistics.
@!@!@ENDMSG 2202 @!@!@
@!@!@STARTMSG 2200:0 @!@!@
Progress(17) at 2019-05-02 11:22:48: 736 states generated (6,723 s/min), 245 distinct states found (2,238 ds/min), 0 states left on queue.
@!@!@ENDMSG 2200 @!@!@
@!@!@STARTMSG 2199:0 @!@!@
736 states generated, 245 distinct states found, 0 states left on queue.
@!@!@ENDMSG 2199 @!@!@
@!@!@STARTMSG 2194:0 @!@!@
The depth of the complete state graph search is 17.
@!@!@ENDMSG 2194 @!@!@
@!@!@STARTMSG 2268:0 @!@!@
The average outdegree of the complete state graph is 1 (minimum is 0, the maximum 3 and the 95th percentile is 2).
@!@!@ENDMSG 2268 @!@!@
@!@!@STARTMSG 2186:0 @!@!@
Finished in 9944ms at (2019-05-02 11:22:48)
@!@!@ENDMSG 2186 @!@!@
